TN:
SF:codemelted.js
FNF:157
FNH:66
DA:16,88
DA:17,122
DA:18,134
DA:19,2064
DA:39,96
DA:40,460
DA:45,3988
DA:81,6
DA:110,92
DA:111,34
DA:112,34
DA:113,42
DA:114,64
DA:115,60
DA:116,26
DA:117,6
DA:142,90
DA:143,34
DA:144,50
DA:145,80
DA:146,60
DA:147,42
DA:148,30
DA:149,58
DA:150,34
DA:151,56
DA:152,66
DA:153,26
DA:154,52
DA:155,40
DA:156,64
DA:157,34
DA:158,6
DA:168,101
DA:174,135
DA:181,106
DA:188,0
DA:189,0
DA:190,0
DA:191,0
DA:192,0
DA:193,0
DA:194,0
DA:195,0
DA:196,88
DA:202,34
DA:203,132
DA:212,24
DA:213,93
DA:214,106
DA:215,113
DA:216,83
DA:225,55
DA:226,97
DA:227,81
DA:229,96
DA:230,8
DA:232,2
DA:240,31
DA:242,18
DA:244,17
DA:250,64
DA:256,85
DA:262,74
DA:269,64
DA:277,97
DA:278,22
DA:279,57
DA:280,93
DA:281,13
DA:282,52
DA:283,131
DA:284,52
DA:285,117
DA:286,42
DA:287,31
DA:289,65
DA:291,38
DA:292,74
DA:293,135
DA:296,2
DA:305,60
DA:307,24
DA:309,16
DA:311,29
DA:317,44
DA:324,61
DA:330,82
DA:340,89
DA:341,22
DA:342,158
DA:343,48
DA:344,56
DA:345,54
DA:346,48
DA:347,18
DA:348,64
DA:349,48
DA:350,74
DA:351,19
DA:352,37
DA:353,78
DA:356,2
DA:373,50
DA:375,16
DA:377,28
DA:379,15
DA:389,64
DA:390,76
DA:391,42
DA:392,22
DA:393,30
DA:394,14
DA:395,52
DA:402,61
DA:408,61
DA:415,36
DA:416,141
DA:423,25
DA:424,111
DA:436,79
DA:437,22
DA:438,50
DA:439,50
DA:440,50
DA:441,34
DA:442,48
DA:443,18
DA:444,148
DA:445,148
DA:446,48
DA:447,72
DA:448,47
DA:449,38
DA:450,74
DA:451,133
DA:454,2
DA:468,46
DA:470,16
DA:472,18
DA:474,16
DA:476,20
DA:478,37
DA:484,22
DA:485,67
DA:486,96
DA:487,56
DA:488,97
DA:489,115
DA:490,12
DA:491,9
DA:500,31
DA:501,22
DA:504,62
DA:505,23
DA:506,49
DA:507,8
DA:508,13
DA:511,48
DA:512,78
DA:513,19
DA:514,37
DA:515,70
DA:523,96
DA:530,22
DA:531,22
DA:532,45
DA:533,19
DA:534,37
DA:535,67
DA:548,77
DA:549,22
DA:550,152
DA:551,150
DA:552,48
DA:553,48
DA:554,52
DA:555,79
DA:556,38
DA:557,74
DA:558,130
DA:566,27
DA:567,77
DA:569,89
DA:570,30
DA:571,96
DA:572,64
DA:573,98
DA:574,23
DA:575,32
DA:576,63
DA:578,35
DA:579,8
DA:581,2
DA:596,54
DA:598,23
DA:604,44
DA:610,43
DA:611,22
DA:612,116
DA:613,62
DA:614,19
DA:615,37
DA:616,75
DA:619,2
DA:626,96
DA:628,24
DA:630,33
DA:636,25
DA:637,22
DA:638,94
DA:639,50
DA:640,19
DA:641,37
DA:642,21
DA:643,48
DA:644,15
DA:645,16
DA:657,87
DA:658,26
DA:659,22
DA:660,64
DA:661,28
DA:662,14
DA:663,22
DA:664,156
DA:665,64
DA:667,109
DA:668,46
DA:669,92
DA:670,90
DA:671,23
DA:672,30
DA:673,19
DA:674,37
DA:675,78
DA:678,2
DA:684,56
DA:686,18
DA:688,23
DA:694,30
DA:695,85
DA:696,27
DA:697,15
DA:704,32
DA:705,89
DA:706,27
DA:707,15
DA:714,38
DA:720,44
DA:730,65
DA:731,22
DA:732,122
DA:733,114
DA:734,58
DA:735,13
DA:736,158
DA:737,52
DA:738,62
DA:739,19
DA:740,37
DA:741,23
DA:742,39
DA:743,14
DA:746,2
DA:770,98
DA:772,33
DA:778,0
DA:779,0
DA:780,0
DA:781,0
DA:782,0
DA:783,0
DA:784,0
DA:785,0
DA:786,8
DA:799,36
DA:800,22
DA:801,72
DA:802,19
DA:803,37
DA:804,21
DA:805,48
DA:806,15
DA:807,16
DA:815,25
DA:816,22
DA:817,60
DA:818,19
DA:819,37
DA:820,21
DA:821,48
DA:822,15
DA:823,16
DA:839,137
DA:840,26
DA:841,22
DA:842,34
DA:843,60
DA:844,14
DA:845,22
DA:846,158
DA:847,63
DA:848,13
DA:849,146
DA:850,154
DA:851,74
DA:852,72
DA:854,14
DA:855,16
DA:856,81
DA:857,46
DA:858,88
DA:859,124
DA:860,22
DA:861,69
DA:863,0
DA:864,0
DA:865,0
DA:866,0
DA:867,0
DA:868,42
DA:870,85
DA:871,46
DA:872,92
DA:873,126
DA:874,22
DA:875,68
DA:877,38
DA:878,74
DA:879,145
DA:882,2
DA:896,53
DA:897,89
DA:898,22
DA:899,150
DA:900,51
DA:901,37
DA:902,25
DA:903,38
DA:904,74
DA:905,38
DA:907,6
DA:932,92
DA:933,18
DA:934,108
DA:935,32
DA:936,34
DA:937,70
DA:938,107
DA:965,103
DA:966,18
DA:967,66
DA:968,22
DA:969,30
DA:970,28
DA:971,9
DA:972,17
DA:973,35
DA:974,57
DA:1002,40
DA:1003,14
DA:1004,62
DA:1005,26
DA:1006,12
DA:1007,6
DA:1008,18
DA:1009,68
DA:1010,22
DA:1011,28
DA:1012,34
DA:1013,14
DA:1014,10
DA:1015,34
DA:1016,70
DA:1017,107
DA:1037,0
DA:1038,0
DA:1039,0
DA:1040,0
DA:1041,0
DA:1042,0
DA:1043,56
DA:1053,0
DA:1054,0
DA:1055,0
DA:1056,0
DA:1057,0
DA:1058,0
DA:1059,56
DA:1069,0
DA:1070,0
DA:1071,0
DA:1072,0
DA:1073,0
DA:1074,0
DA:1075,55
DA:1085,0
DA:1086,0
DA:1087,0
DA:1088,0
DA:1089,0
DA:1090,0
DA:1091,56
DA:1101,0
DA:1102,0
DA:1103,0
DA:1104,0
DA:1105,0
DA:1106,0
DA:1107,57
DA:1127,92
DA:1128,60
DA:1129,30
DA:1130,52
DA:1131,6
DA:1157,0
DA:1158,0
DA:1159,0
DA:1160,0
DA:1161,0
DA:1162,0
DA:1163,0
DA:1164,0
DA:1165,0
DA:1166,0
DA:1167,0
DA:1168,0
DA:1169,0
DA:1170,0
DA:1171,0
DA:1172,0
DA:1173,0
DA:1174,0
DA:1175,0
DA:1176,0
DA:1177,0
DA:1178,0
DA:1179,0
DA:1180,0
DA:1181,0
DA:1182,0
DA:1183,0
DA:1184,0
DA:1185,0
DA:1186,0
DA:1187,0
DA:1188,0
DA:1189,0
DA:1190,0
DA:1191,0
DA:1192,0
DA:1193,0
DA:1194,0
DA:1195,0
DA:1196,0
DA:1197,0
DA:1198,0
DA:1199,0
DA:1200,0
DA:1201,0
DA:1202,0
DA:1203,0
DA:1204,0
DA:1205,0
DA:1206,0
DA:1207,0
DA:1208,0
DA:1209,0
DA:1210,0
DA:1211,0
DA:1212,0
DA:1213,0
DA:1214,0
DA:1215,0
DA:1216,5
DA:1239,0
DA:1240,0
DA:1241,0
DA:1242,0
DA:1243,0
DA:1244,0
DA:1245,0
DA:1246,0
DA:1247,0
DA:1248,0
DA:1249,0
DA:1250,0
DA:1251,0
DA:1252,0
DA:1253,0
DA:1254,0
DA:1255,0
DA:1256,0
DA:1257,0
DA:1258,0
DA:1259,0
DA:1260,0
DA:1261,0
DA:1262,0
DA:1263,0
DA:1264,0
DA:1265,0
DA:1266,0
DA:1267,0
DA:1268,0
DA:1269,0
DA:1270,0
DA:1271,0
DA:1272,0
DA:1273,0
DA:1274,0
DA:1275,0
DA:1276,0
DA:1277,0
DA:1278,0
DA:1279,0
DA:1280,0
DA:1281,0
DA:1282,0
DA:1283,0
DA:1284,0
DA:1285,0
DA:1286,0
DA:1287,0
DA:1288,0
DA:1289,0
DA:1290,0
DA:1291,0
DA:1292,0
DA:1293,0
DA:1294,0
DA:1295,0
DA:1296,0
DA:1297,0
DA:1298,0
DA:1299,0
DA:1300,0
DA:1301,0
DA:1302,0
DA:1303,0
DA:1304,0
DA:1305,0
DA:1306,0
DA:1307,0
DA:1308,0
DA:1309,0
DA:1310,0
DA:1311,0
DA:1312,0
DA:1313,5
DA:1664,62
DA:1666,22
DA:1668,0
DA:1669,0
DA:1670,0
DA:1671,0
DA:1672,0
DA:1673,0
DA:1674,0
DA:1675,0
DA:1676,0
DA:1677,0
DA:1678,0
DA:1679,0
DA:1680,0
DA:1681,0
DA:1682,0
DA:1683,0
DA:1684,0
DA:1685,0
DA:1686,0
DA:1687,0
DA:1688,0
DA:1689,0
DA:1690,0
DA:1691,0
DA:1692,0
DA:1693,0
DA:1694,0
DA:1695,0
DA:1696,0
DA:1697,0
DA:1698,0
DA:1699,44
DA:1705,36
DA:1711,42
DA:1723,0
DA:1724,0
DA:1725,0
DA:1726,0
DA:1727,0
DA:1728,0
DA:1729,0
DA:1730,0
DA:1731,0
DA:1732,0
DA:1733,0
DA:1734,0
DA:1735,0
DA:1736,0
DA:1737,0
DA:1738,0
DA:1739,0
DA:1740,77
DA:1743,2
DA:1748,62
DA:1750,2
DA:2133,49
DA:2134,18
DA:2135,132
DA:2136,62
DA:2137,34
DA:2138,79
DA:2139,74
DA:2140,103
DA:2141,9
DA:2142,29
DA:2159,49
DA:2160,18
DA:2161,132
DA:2162,62
DA:2163,34
DA:2164,79
DA:2165,74
DA:2166,103
DA:2167,9
DA:2168,29
DA:2207,43
DA:2208,14
DA:2209,14
DA:2210,40
DA:2211,46
DA:2212,6
DA:2213,18
DA:2214,103
DA:2215,45
DA:2217,49
DA:2218,83
DA:2219,87
DA:2220,41
DA:2221,69
DA:2222,107
DA:2223,9
DA:2224,30
DA:2225,34
DA:2226,70
DA:2227,117
DA:2243,57
DA:2244,97
DA:2245,90
DA:2246,47
DA:2247,77
DA:2248,3
DA:2249,5
DA:2250,22
DA:2265,58
DA:2266,103
DA:2267,63
DA:2268,5
DA:2269,22
DA:2289,112
DA:2290,18
DA:2291,142
DA:2292,142
DA:2293,62
DA:2294,73
DA:2295,107
DA:2296,9
DA:2297,34
DA:2298,34
DA:2299,70
DA:2300,111
DA:2321,118
DA:2322,18
DA:2323,142
DA:2324,146
DA:2325,114
DA:2326,70
DA:2327,56
DA:2328,9
DA:2329,37
DA:2330,17
DA:2331,35
DA:2332,59
DA:2347,50
DA:2348,18
DA:2349,72
DA:2350,31
DA:2351,15
DA:2352,10
DA:2353,34
DA:2354,29
DA:2370,54
DA:2371,18
DA:2372,90
DA:2373,41
DA:2374,27
DA:2375,13
DA:2376,17
DA:2377,18
DA:2399,76
DA:2400,76
DA:2401,72
DA:2402,84
DA:2403,76
DA:2404,64
DA:2405,6
DA:2419,52
DA:2421,38
DA:2423,18
DA:2425,39
DA:2431,61
DA:2437,64
DA:2443,61
DA:2451,57
DA:2452,22
DA:2453,150
DA:2454,138
DA:2455,138
DA:2456,52
DA:2457,46
DA:2458,19
DA:2459,37
DA:2460,74
DA:2463,2
DA:2472,66
DA:2479,54
DA:2495,60
DA:2496,18
DA:2497,107
DA:2498,54
DA:2499,27
DA:2500,50
DA:2501,50
DA:2502,44
DA:2503,34
DA:2504,48
DA:2505,18
DA:2506,68
DA:2508,34
DA:2509,70
DA:2510,116
DA:2529,54
DA:2530,18
DA:2531,35
DA:2532,150
DA:2533,138
DA:2534,138
DA:2535,52
DA:2536,9
DA:2538,58
DA:2539,34
DA:2540,70
DA:2541,111
DA:2556,72
DA:2557,18
DA:2558,146
DA:2559,134
DA:2560,134
DA:2561,35
DA:2562,107
DA:2563,9
DA:2567,81
DA:2568,17
DA:2569,9
DA:2572,102
DA:2574,111
DA:2576,87
DA:2577,41
DA:2578,34
DA:2579,24
DA:2580,58
DA:2582,44
DA:2583,26
DA:2584,24
DA:2585,29
DA:2586,40
DA:2587,26
DA:2588,58
DA:2590,44
DA:2591,26
DA:2592,24
DA:2593,29
DA:2594,36
DA:2595,28
DA:2596,58
DA:2598,44
DA:2599,26
DA:2600,24
DA:2601,30
DA:2604,59
DA:2605,60
DA:2606,9
DA:2607,8
DA:2608,34
DA:2609,70
DA:2610,108
DA:2627,94
DA:2628,38
DA:2629,42
DA:2630,6
DA:2639,76
DA:2641,18
DA:2643,23
DA:2649,38
DA:2655,44
DA:2664,0
DA:2665,0
DA:2666,0
DA:2667,0
DA:2668,0
DA:2669,0
DA:2670,0
DA:2671,0
DA:2672,0
DA:2673,0
DA:2674,12
DA:2677,2
DA:2684,66
DA:2686,18
DA:2688,24
DA:2690,0
DA:2691,0
DA:2692,0
DA:2693,0
DA:2694,0
DA:2695,0
DA:2696,0
DA:2697,0
DA:2698,0
DA:2699,0
DA:2700,0
DA:2701,0
DA:2702,0
DA:2703,0
DA:2704,0
DA:2705,0
DA:2706,0
DA:2707,0
DA:2708,0
DA:2709,0
DA:2710,0
DA:2711,29
DA:2717,0
DA:2718,0
DA:2719,0
DA:2720,11
DA:2727,38
DA:2733,44
DA:2739,50
DA:2750,0
DA:2751,0
DA:2752,0
DA:2753,0
DA:2754,0
DA:2755,0
DA:2756,0
DA:2757,0
DA:2758,0
DA:2759,0
DA:2760,0
DA:2761,0
DA:2762,0
DA:2763,0
DA:2764,0
DA:2765,0
DA:2766,0
DA:2767,0
DA:2768,0
DA:2769,12
DA:2772,2
DA:2779,56
DA:2781,30
DA:2783,15
DA:2790,0
DA:2791,0
DA:2792,0
DA:2793,11
DA:2800,0
DA:2801,0
DA:2802,0
DA:2803,11
DA:2811,0
DA:2812,0
DA:2813,0
DA:2814,11
DA:2822,0
DA:2823,0
DA:2824,0
DA:2825,11
DA:2833,0
DA:2834,0
DA:2835,0
DA:2836,11
DA:2843,40
DA:2853,0
DA:2854,0
DA:2855,0
DA:2856,0
DA:2857,0
DA:2858,0
DA:2859,0
DA:2860,74
DA:2863,2
DA:2870,60
DA:2872,30
DA:2874,15
DA:2881,50
DA:2887,36
DA:2897,0
DA:2898,0
DA:2899,0
DA:2900,0
DA:2901,0
DA:2902,0
DA:2903,0
DA:2904,0
DA:2905,0
DA:2906,0
DA:2907,0
DA:2908,0
DA:2909,76
DA:2912,2
DA:2918,62
DA:2920,38
DA:2922,18
DA:2924,24
DA:2926,30
DA:2928,0
DA:2929,0
DA:2930,0
DA:2931,0
DA:2932,0
DA:2933,0
DA:2934,0
DA:2935,0
DA:2936,0
DA:2937,0
DA:2938,0
DA:2939,0
DA:2940,0
DA:2941,0
DA:2942,0
DA:2943,0
DA:2944,0
DA:2945,0
DA:2946,0
DA:2947,0
DA:2948,0
DA:2949,0
DA:2950,0
DA:2951,0
DA:2952,0
DA:2953,0
DA:2954,0
DA:2955,0
DA:2956,29
DA:2962,0
DA:2963,0
DA:2964,0
DA:2965,11
DA:2972,0
DA:2973,0
DA:2974,0
DA:2975,11
DA:2982,58
DA:2988,38
DA:2994,44
DA:3000,50
DA:3006,34
DA:3021,0
DA:3022,0
DA:3023,0
DA:3024,0
DA:3025,0
DA:3026,0
DA:3027,0
DA:3028,0
DA:3029,0
DA:3030,0
DA:3031,0
DA:3032,0
DA:3033,0
DA:3034,0
DA:3035,0
DA:3036,0
DA:3037,0
DA:3038,0
DA:3039,0
DA:3040,0
DA:3041,0
DA:3042,0
DA:3043,0
DA:3044,0
DA:3045,0
DA:3046,0
DA:3047,0
DA:3048,0
DA:3049,12
DA:3052,2
DA:3065,118
DA:3067,21
DA:3081,0
DA:3082,0
DA:3083,0
DA:3084,0
DA:3085,0
DA:3086,0
DA:3087,0
DA:3088,0
DA:3089,14
DA:3097,0
DA:3098,0
DA:3099,0
DA:3100,0
DA:3101,0
DA:3102,0
DA:3103,0
DA:3104,0
DA:3105,14
DA:3117,0
DA:3118,0
DA:3119,0
DA:3120,0
DA:3121,0
DA:3122,0
DA:3123,0
DA:3124,0
DA:3125,0
DA:3126,0
DA:3127,0
DA:3128,0
DA:3129,0
DA:3130,0
DA:3131,0
DA:3132,0
DA:3133,0
DA:3134,0
DA:3135,0
DA:3136,0
DA:3137,0
DA:3138,0
DA:3139,0
DA:3140,0
DA:3141,0
DA:3142,0
DA:3143,0
DA:3144,79
DA:3147,2
DA:3156,108
DA:3158,13
DA:3164,0
DA:3165,0
DA:3166,0
DA:3167,0
DA:3168,0
DA:3169,0
DA:3170,0
DA:3171,0
DA:3172,14
DA:3186,0
DA:3187,0
DA:3188,0
DA:3189,0
DA:3190,0
DA:3191,0
DA:3192,0
DA:3193,0
DA:3194,0
DA:3195,0
DA:3196,0
DA:3197,0
DA:3198,0
DA:3199,0
DA:3200,0
DA:3201,0
DA:3202,0
DA:3203,0
DA:3204,0
DA:3205,0
DA:3206,0
DA:3207,0
DA:3208,0
DA:3209,0
DA:3210,0
DA:3211,0
DA:3212,0
DA:3213,0
DA:3214,0
DA:3215,0
DA:3216,0
DA:3217,0
DA:3218,0
DA:3219,0
DA:3220,0
DA:3221,0
DA:3222,0
DA:3223,0
DA:3224,0
DA:3225,0
DA:3226,0
DA:3227,0
DA:3228,0
DA:3229,0
DA:3230,0
DA:3231,0
DA:3232,0
DA:3233,0
DA:3234,0
DA:3235,0
DA:3236,0
DA:3237,0
DA:3238,0
DA:3239,0
DA:3240,69
DA:3243,2
DA:3408,0
DA:3409,0
DA:3410,0
DA:3411,0
DA:3412,0
DA:3413,0
DA:3414,0
DA:3415,0
DA:3416,0
DA:3417,0
DA:3418,0
DA:3419,0
DA:3420,0
DA:3421,0
DA:3422,0
DA:3423,0
DA:3424,0
DA:3425,0
DA:3426,0
DA:3427,0
DA:3428,0
DA:3429,0
DA:3430,0
DA:3431,0
DA:3432,60
DA:3447,0
DA:3448,0
DA:3449,0
DA:3450,0
DA:3451,0
DA:3452,0
DA:3453,0
DA:3454,0
DA:3455,0
DA:3456,0
DA:3457,0
DA:3458,61
DA:3475,0
DA:3476,0
DA:3477,0
DA:3478,0
DA:3479,0
DA:3480,0
DA:3481,0
DA:3482,0
DA:3483,0
DA:3484,0
DA:3485,0
DA:3486,0
DA:3487,0
DA:3488,0
DA:3489,0
DA:3490,0
DA:3491,0
DA:3492,0
DA:3493,0
DA:3494,0
DA:3495,0
DA:3496,0
DA:3497,57
DA:3529,88
DA:3530,78
DA:3531,74
DA:3532,66
DA:3533,134
DA:3534,118
DA:3535,134
DA:3536,130
DA:3537,118
DA:3538,126
DA:3539,5
DA:3550,0
DA:3551,0
DA:3552,0
DA:3553,0
DA:3554,0
DA:3555,0
DA:3556,0
DA:3557,0
DA:3558,0
DA:3559,0
DA:3560,0
DA:3561,0
DA:3562,0
DA:3563,0
DA:3564,0
DA:3565,0
DA:3566,0
DA:3567,0
DA:3568,0
DA:3569,0
DA:3570,0
DA:3571,0
DA:3572,0
DA:3573,0
DA:3574,0
DA:3575,0
DA:3576,0
DA:3577,0
DA:3578,0
DA:3579,15
DA:3591,0
DA:3592,0
DA:3593,0
DA:3594,0
DA:3595,0
DA:3596,0
DA:3597,0
DA:3598,0
DA:3599,0
DA:3600,0
DA:3601,0
DA:3602,0
DA:3603,0
DA:3604,30
DA:3618,0
DA:3619,0
DA:3620,0
DA:3621,0
DA:3622,0
DA:3623,0
DA:3624,0
DA:3625,31
DA:3645,0
DA:3646,0
DA:3647,0
DA:3648,0
DA:3649,0
DA:3650,0
DA:3651,0
DA:3652,0
DA:3653,0
DA:3654,0
DA:3655,0
DA:3656,0
DA:3657,0
DA:3658,0
DA:3659,0
DA:3660,0
DA:3661,0
DA:3662,0
DA:3663,0
DA:3664,0
DA:3665,0
DA:3666,0
DA:3667,0
DA:3668,0
DA:3669,0
DA:3670,0
DA:3671,0
DA:3672,0
DA:3673,0
DA:3674,0
DA:3675,0
DA:3676,0
DA:3677,57
DA:3747,104
DA:3748,56
DA:3749,34
DA:3750,38
DA:3751,80
DA:3752,42
DA:3753,26
DA:3754,50
DA:3755,60
DA:3756,30
DA:3757,60
DA:3758,38
DA:3759,64
DA:3760,30
DA:3761,30
DA:3762,30
DA:3763,58
DA:3764,26
DA:3765,56
DA:3766,68
DA:3767,72
DA:3768,34
DA:3769,66
DA:3770,64
DA:3771,26
DA:3772,42
DA:3773,40
DA:3774,52
DA:3775,64
DA:3776,76
DA:3777,64
DA:3778,6
DA:3788,90
DA:3789,26
DA:3790,34
DA:3791,6
DA:3837,129
DA:3846,123
DA:3847,142
DA:3848,152
DA:3849,52
DA:3850,117
DA:3851,64
DA:3852,9
DA:3853,42
DA:3856,18
DA:3857,57
DA:3858,80
DA:3859,105
DA:3860,70
DA:3861,123
DA:3862,72
DA:3863,62
DA:3864,66
DA:3865,72
DA:3866,21
DA:3867,78
DA:3868,126
DA:3869,93
DA:3870,92
DA:3871,123
DA:3872,74
DA:3873,104
DA:3874,76
DA:3875,78
DA:3876,84
DA:3877,113
DA:3878,66
DA:3879,97
DA:3880,68
DA:3881,99
DA:3882,82
DA:3883,113
DA:3884,82
DA:3885,113
DA:3886,84
DA:3887,115
DA:3888,72
DA:3889,30
DA:3890,82
DA:3891,76
DA:3892,82
DA:3893,97
DA:3894,26
DA:3895,35
DA:3896,11
DA:3898,52
DA:3899,17
DA:3900,38
DA:3902,68
DA:3903,62
DA:3904,80
DA:3905,72
DA:3906,21
DA:3907,68
DA:3908,96
DA:3909,78
DA:3910,85
DA:3911,68
DA:3912,99
DA:3913,82
DA:3914,62
DA:3915,68
DA:3916,72
DA:3917,21
DA:3918,66
DA:3919,102
DA:3921,100
DA:3922,35
DA:3923,86
DA:3924,112
DA:3926,69
DA:3927,80
DA:3928,62
DA:3929,58
DA:3930,72
DA:3931,16
DA:3932,44
DA:3933,68
DA:3934,70
DA:3935,62
DA:3936,56
DA:3937,72
DA:3938,21
DA:3939,84
DA:3940,139
DA:3941,84
DA:3942,62
DA:3943,74
DA:3944,72
DA:3945,12
DA:3947,95
DA:3948,66
DA:3949,62
DA:3950,52
DA:3951,72
DA:3952,21
DA:3953,74
DA:3954,62
DA:3955,60
DA:3956,72
DA:3957,21
DA:3958,72
DA:3959,125
DA:3960,78
DA:3961,109
DA:3962,84
DA:3963,115
DA:3964,90
DA:3965,103
DA:3966,86
DA:3967,147
DA:3969,97
DA:3971,34
DA:3972,70
DA:3973,121
DA:4006,41
DA:4007,20
DA:4008,14
DA:4009,20
DA:4010,44
DA:4011,6
DA:4012,18
DA:4013,86
DA:4014,94
DA:4015,62
DA:4016,30
DA:4017,14
DA:4018,38
DA:4019,61
DA:4020,9
DA:4021,144
DA:4022,46
DA:4023,46
DA:4024,40
DA:4025,30
DA:4026,44
DA:4027,14
DA:4028,59
DA:4029,86
DA:4030,78
DA:4031,92
DA:4032,27
DA:4033,100
DA:4035,34
DA:4036,70
DA:4037,114
DA:4075,88
DA:4076,38
DA:4077,34
DA:4078,38
DA:4079,6
DA:4097,0
DA:4098,0
DA:4099,0
DA:4100,0
DA:4101,0
DA:4102,0
DA:4103,0
DA:4104,0
DA:4105,0
DA:4106,0
DA:4107,0
DA:4108,0
DA:4109,0
DA:4110,0
DA:4111,0
DA:4112,0
DA:4113,0
DA:4114,0
DA:4115,0
DA:4116,0
DA:4117,0
DA:4118,0
DA:4119,0
DA:4120,0
DA:4121,0
DA:4122,0
DA:4123,0
DA:4124,0
DA:4125,0
DA:4126,0
DA:4127,0
DA:4128,0
DA:4129,0
DA:4130,0
DA:4131,0
DA:4132,60
DA:4154,0
DA:4155,0
DA:4156,0
DA:4157,0
DA:4158,0
DA:4159,0
DA:4160,0
DA:4161,0
DA:4162,0
DA:4163,0
DA:4164,0
DA:4165,0
DA:4166,0
DA:4167,0
DA:4168,0
DA:4169,0
DA:4170,0
DA:4171,0
DA:4172,0
DA:4173,0
DA:4174,0
DA:4175,0
DA:4176,0
DA:4177,0
DA:4178,0
DA:4179,0
DA:4180,0
DA:4181,0
DA:4182,0
DA:4183,0
DA:4184,0
DA:4185,58
DA:4208,0
DA:4209,0
DA:4210,0
DA:4211,0
DA:4212,0
DA:4213,0
DA:4214,0
DA:4215,0
DA:4216,0
DA:4217,0
DA:4218,0
DA:4219,0
DA:4220,0
DA:4221,0
DA:4222,0
DA:4223,0
DA:4224,0
DA:4225,0
DA:4226,0
DA:4227,0
DA:4228,0
DA:4229,0
DA:4230,0
DA:4231,0
DA:4232,0
DA:4233,0
DA:4234,0
DA:4235,0
DA:4236,0
DA:4237,0
DA:4238,0
DA:4239,0
DA:4240,0
DA:4241,0
DA:4242,58
DA:4263,0
DA:4264,0
DA:4265,0
DA:4266,0
DA:4267,0
DA:4268,0
DA:4269,0
DA:4270,0
DA:4271,0
DA:4272,0
DA:4273,0
DA:4274,0
DA:4275,0
DA:4276,0
DA:4277,0
DA:4278,0
DA:4279,0
DA:4280,0
DA:4281,0
DA:4282,0
DA:4283,0
DA:4284,0
DA:4285,0
DA:4286,0
DA:4287,0
DA:4288,0
DA:4289,61
DA:4310,0
DA:4311,0
DA:4312,0
DA:4313,0
DA:4314,0
DA:4315,0
DA:4316,0
DA:4317,0
DA:4318,0
DA:4319,0
DA:4320,0
DA:4321,0
DA:4322,0
DA:4323,0
DA:4324,0
DA:4325,0
DA:4326,0
DA:4327,0
DA:4328,0
DA:4329,0
DA:4330,0
DA:4331,0
DA:4332,0
DA:4333,0
DA:4334,0
DA:4335,0
DA:4336,0
DA:4337,0
DA:4338,0
DA:4339,0
DA:4340,61
DA:4363,0
DA:4364,0
DA:4365,0
DA:4366,0
DA:4367,0
DA:4368,0
DA:4369,0
DA:4370,0
DA:4371,0
DA:4372,0
DA:4373,0
DA:4374,0
DA:4375,0
DA:4376,0
DA:4377,0
DA:4378,0
DA:4379,0
DA:4380,0
DA:4381,0
DA:4382,0
DA:4383,0
DA:4384,0
DA:4385,0
DA:4386,0
DA:4387,0
DA:4388,0
DA:4389,0
DA:4390,0
DA:4391,0
DA:4392,0
DA:4393,0
DA:4394,58
DA:4440,92
DA:4441,30
DA:4442,34
DA:4443,40
DA:4444,40
DA:4445,34
DA:4446,60
DA:4447,34
DA:4448,48
DA:4449,48
DA:4450,38
DA:4451,48
DA:4452,48
DA:4453,34
DA:4454,38
DA:4455,6
DA:4469,96
DA:4470,60
DA:4471,62
DA:4472,96
DA:4473,84
DA:4474,6
DA:4494,92
DA:4495,34
DA:4496,38
DA:4497,34
DA:4498,42
DA:4499,38
DA:4500,38
DA:4501,48
DA:4502,88
DA:4503,26
DA:4504,6
DA:4518,86
DA:4519,32
DA:4520,36
DA:4521,40
DA:4522,40
DA:4523,28
DA:4524,24
DA:4525,6
DA:4579,92
DA:4580,76
DA:4581,72
DA:4582,56
DA:4583,60
DA:4584,82
DA:4585,38
DA:4586,60
DA:4587,56
DA:4588,60
DA:4589,56
DA:4590,56
DA:4591,56
DA:4592,106
DA:4593,102
DA:4594,52
DA:4595,44
DA:4596,44
DA:4597,44
DA:4598,44
DA:4599,30
DA:4600,6
DA:4614,86
DA:4615,36
DA:4616,40
DA:4617,32
DA:4618,24
DA:4619,6
DA:4668,137
DA:4670,80
DA:4671,2
DA:4697,0
DA:4698,0
DA:4699,0
DA:4700,0
DA:4701,0
DA:4702,0
DA:4703,0
DA:4704,0
DA:4705,0
DA:4706,0
DA:4707,0
DA:4708,0
DA:4709,0
DA:4710,0
DA:4711,0
DA:4712,0
DA:4713,0
DA:4714,0
DA:4715,0
DA:4716,0
DA:4717,0
DA:4718,0
DA:4719,0
DA:4720,0
DA:4721,0
DA:4722,0
DA:4723,0
DA:4724,0
DA:4725,0
DA:4726,0
DA:4727,0
DA:4728,0
DA:4729,0
DA:4730,0
DA:4731,0
DA:4732,0
DA:4733,0
DA:4734,0
DA:4735,0
DA:4736,0
DA:4737,0
DA:4738,0
DA:4739,0
DA:4740,0
DA:4741,0
DA:4742,0
DA:4743,0
DA:4744,0
DA:4745,0
DA:4746,0
DA:4747,0
DA:4748,0
DA:4749,0
DA:4750,0
DA:4751,0
DA:4752,0
DA:4753,0
DA:4754,0
DA:4755,0
DA:4756,0
DA:4757,0
DA:4758,0
DA:4759,0
DA:4760,0
DA:4761,0
DA:4762,0
DA:4763,0
DA:4764,0
DA:4765,0
DA:4766,0
DA:4767,0
DA:4768,0
DA:4769,0
DA:4770,0
DA:4771,0
DA:4772,0
DA:4773,0
DA:4774,0
DA:4775,0
DA:4776,0
DA:4777,0
DA:4778,0
DA:4779,0
DA:4780,0
DA:4781,0
DA:4782,0
DA:4783,0
DA:4784,0
DA:4785,0
DA:4786,0
DA:4787,0
DA:4788,0
DA:4789,0
DA:4790,0
DA:4791,0
DA:4792,0
DA:4793,0
DA:4794,0
DA:4795,41
DA:4817,0
DA:4818,0
DA:4819,0
DA:4820,0
DA:4821,0
DA:4822,0
DA:4823,0
DA:4824,0
DA:4825,0
DA:4826,0
DA:4827,0
DA:4828,0
DA:4829,0
DA:4830,0
DA:4831,0
DA:4832,0
DA:4833,0
DA:4834,0
DA:4835,0
DA:4836,0
DA:4837,0
DA:4838,0
DA:4839,0
DA:4840,0
DA:4841,0
DA:4842,0
DA:4843,0
DA:4844,0
DA:4845,0
DA:4846,0
DA:4847,0
DA:4848,0
DA:4849,0
DA:4850,0
DA:4851,0
DA:4852,0
DA:4853,0
DA:4854,0
DA:4855,0
DA:4856,0
DA:4857,0
DA:4858,0
DA:4859,0
DA:4860,0
DA:4861,0
DA:4862,58
DA:4879,0
DA:4880,0
DA:4881,0
DA:4882,0
DA:4883,0
DA:4884,0
DA:4885,0
DA:4886,0
DA:4887,0
DA:4888,0
DA:4889,0
DA:4890,0
DA:4891,0
DA:4892,0
DA:4893,0
DA:4894,0
DA:4895,0
DA:4896,0
DA:4897,0
DA:4898,0
DA:4899,0
DA:4900,0
DA:4901,0
DA:4902,0
DA:4903,0
DA:4904,62
DA:4917,0
DA:4918,0
DA:4919,0
DA:4920,0
DA:4921,0
DA:4922,0
DA:4923,0
DA:4924,0
DA:4925,0
DA:4926,0
DA:4927,0
DA:4928,0
DA:4929,0
DA:4930,0
DA:4931,0
DA:4932,0
DA:4933,0
DA:4934,0
DA:4935,0
DA:4936,0
DA:4937,0
DA:4938,0
DA:4939,0
DA:4940,0
DA:4941,0
DA:4942,0
DA:4943,0
DA:4944,0
DA:4945,0
DA:4946,0
DA:4947,0
DA:4948,0
DA:4949,0
DA:4950,0
DA:4951,0
DA:4952,0
DA:4953,0
DA:4954,0
DA:4955,0
DA:4956,0
DA:4957,0
DA:4958,0
DA:4959,0
DA:4960,0
DA:4961,0
DA:4962,0
DA:4963,0
DA:4964,0
DA:4965,0
DA:4966,0
DA:4967,0
DA:4968,0
DA:4969,0
DA:4970,0
DA:4971,0
DA:4972,0
DA:4973,0
DA:4974,0
DA:4975,0
DA:4976,0
DA:4977,0
DA:4978,0
DA:4979,0
DA:4980,0
DA:4981,0
DA:4982,0
DA:4983,0
DA:4984,0
DA:4985,56
DA:5027,0
DA:5028,0
DA:5029,0
DA:5030,0
DA:5031,0
DA:5032,0
DA:5033,0
DA:5034,0
DA:5035,0
DA:5036,0
DA:5037,0
DA:5038,0
DA:5039,0
DA:5040,0
DA:5041,0
DA:5042,0
DA:5043,0
DA:5044,0
DA:5045,0
DA:5046,0
DA:5047,0
DA:5048,0
DA:5049,0
DA:5050,0
DA:5051,0
DA:5052,0
DA:5053,0
DA:5054,0
DA:5055,0
DA:5056,0
DA:5057,0
DA:5058,0
DA:5059,0
DA:5060,0
DA:5061,0
DA:5062,0
DA:5063,0
DA:5064,0
DA:5065,0
DA:5066,0
DA:5067,0
DA:5068,0
DA:5069,0
DA:5070,0
DA:5071,0
DA:5072,0
DA:5073,0
DA:5074,0
DA:5075,0
DA:5076,0
DA:5077,0
DA:5078,0
DA:5079,0
DA:5080,0
DA:5081,0
DA:5082,0
DA:5083,0
DA:5084,0
DA:5085,0
DA:5086,0
DA:5087,0
DA:5088,0
DA:5089,0
DA:5090,0
DA:5091,0
DA:5092,0
DA:5093,0
DA:5094,0
DA:5095,0
DA:5096,0
DA:5097,0
DA:5098,0
DA:5099,0
DA:5100,0
DA:5101,0
DA:5102,0
DA:5103,0
DA:5104,0
DA:5105,0
DA:5106,0
DA:5107,0
DA:5108,0
DA:5109,0
DA:5110,0
DA:5111,0
DA:5112,0
DA:5113,0
DA:5114,0
DA:5115,0
DA:5116,0
DA:5117,0
DA:5118,0
DA:5119,0
DA:5120,0
DA:5121,0
DA:5122,0
DA:5123,0
DA:5124,0
DA:5125,0
DA:5126,0
DA:5127,0
DA:5128,0
DA:5129,0
DA:5130,0
DA:5131,0
DA:5132,0
DA:5133,61
DA:5163,100
DA:5165,28
DA:5167,48
DA:5169,32
DA:5171,42
DA:5173,38
DA:5175,0
DA:5176,0
DA:5177,0
DA:5178,0
DA:5179,0
DA:5180,0
DA:5181,0
DA:5182,0
DA:5183,50
DA:5197,0
DA:5198,0
DA:5199,37
DA:5213,0
DA:5214,0
DA:5215,37
DA:5227,0
DA:5228,0
DA:5229,0
DA:5230,0
DA:5231,0
DA:5232,0
DA:5233,0
DA:5234,0
DA:5235,0
DA:5236,11
DA:5243,50
DA:5253,0
DA:5254,0
DA:5255,0
DA:5256,0
DA:5257,0
DA:5258,76
DA:5268,0
DA:5269,0
DA:5270,0
DA:5271,0
DA:5272,0
DA:5273,69
DA:5287,0
DA:5288,0
DA:5289,0
DA:5290,0
DA:5291,0
DA:5292,73
DA:5300,0
DA:5301,0
DA:5302,0
DA:5303,0
DA:5304,0
DA:5305,72
DA:5313,0
DA:5314,0
DA:5315,0
DA:5316,0
DA:5317,0
DA:5318,0
DA:5319,49
DA:5328,0
DA:5329,0
DA:5330,0
DA:5331,0
DA:5332,0
DA:5333,0
DA:5334,0
DA:5335,0
DA:5336,0
DA:5337,0
DA:5338,0
DA:5339,0
DA:5340,7
DA:5361,0
DA:5362,0
DA:5363,0
DA:5364,0
DA:5365,0
DA:5366,0
DA:5367,0
DA:5368,0
DA:5369,0
DA:5370,0
DA:5371,0
DA:5372,0
DA:5373,0
DA:5374,0
DA:5375,0
DA:5376,0
DA:5377,0
DA:5378,0
DA:5379,0
DA:5380,0
DA:5381,0
DA:5382,0
DA:5383,0
DA:5384,0
DA:5385,0
DA:5386,0
DA:5387,0
DA:5388,0
DA:5389,0
DA:5390,0
DA:5391,0
DA:5392,0
DA:5393,0
DA:5394,0
DA:5395,0
DA:5396,0
DA:5397,0
DA:5398,0
DA:5399,0
DA:5400,0
DA:5401,0
DA:5402,0
DA:5403,0
DA:5404,0
DA:5405,0
DA:5406,0
DA:5407,0
DA:5408,0
DA:5409,0
DA:5410,0
DA:5411,0
DA:5412,0
DA:5413,0
DA:5414,0
DA:5415,0
DA:5416,0
DA:5417,0
DA:5418,0
DA:5419,0
DA:5420,0
DA:5421,0
DA:5422,54
LF:2215
LH:942
end_of_record
